<?xml version="1.0" encoding="UTF-8"?>
<testsuite xmlns:xsi="http://www.w3.org/2001/XMLSchema-instance" xsi:noNamespaceSchemaLocation="https://maven.apache.org/surefire/maven-surefire-plugin/xsd/surefire-test-report.xsd" name="org.clinic.login.LoginApplicationTests" time="2.18" tests="1" errors="0" skipped="0" failures="0">
  <properties>
    <property name="sun.desktop" value="windows"/>
    <property name="awt.toolkit" value="sun.awt.windows.WToolkit"/>
    <property name="file.encoding.pkg" value="sun.io"/>
    <property name="java.specification.version" value="1.8"/>
    <property name="sun.cpu.isalist" value="amd64"/>
    <property name="sun.jnu.encoding" value="GBK"/>
    <property name="java.class.path" value="D:\Y2\Y2\clinic\login\target\test-classes;D:\Y2\Y2\clinic\login\target\classes;D:\Y2\Y2\clinic\pojo\target\pojo-1.0-SNAPSHOT.jar;D:\apq\apache-maven-3.6.3\apache-maven-3.6.3\locamavenrepository\org\projectlombok\lombok\1.18.10\lombok-1.18.10.jar;D:\apq\apache-maven-3.6.3\apache-maven-3.6.3\locamavenrepository\org\springframework\boot\spring-boot-starter-web\2.2.4.RELEASE\spring-boot-starter-web-2.2.4.RELEASE.jar;D:\apq\apache-maven-3.6.3\apache-maven-3.6.3\locamavenrepository\org\springframework\boot\spring-boot-starter\2.2.4.RELEASE\spring-boot-starter-2.2.4.RELEASE.jar;D:\apq\apache-maven-3.6.3\apache-maven-3.6.3\locamavenrepository\org\springframework\boot\spring-boot-starter-logging\2.2.4.RELEASE\spring-boot-starter-logging-2.2.4.RELEASE.jar;D:\apq\apache-maven-3.6.3\apache-maven-3.6.3\locamavenrepository\ch\qos\logback\logback-classic\1.2.3\logback-classic-1.2.3.jar;D:\apq\apache-maven-3.6.3\apache-maven-3.6.3\locamavenrepository\ch\qos\logback\logback-core\1.2.3\logback-core-1.2.3.jar;D:\apq\apache-maven-3.6.3\apache-maven-3.6.3\locamavenrepository\org\apache\logging\log4j\log4j-to-slf4j\2.12.1\log4j-to-slf4j-2.12.1.jar;D:\apq\apache-maven-3.6.3\apache-maven-3.6.3\locamavenrepository\org\apache\logging\log4j\log4j-api\2.12.1\log4j-api-2.12.1.jar;D:\apq\apache-maven-3.6.3\apache-maven-3.6.3\locamavenrepository\org\slf4j\jul-to-slf4j\1.7.30\jul-to-slf4j-1.7.30.jar;D:\apq\apache-maven-3.6.3\apache-maven-3.6.3\locamavenrepository\jakarta\annotation\jakarta.annotation-api\1.3.5\jakarta.annotation-api-1.3.5.jar;D:\apq\apache-maven-3.6.3\apache-maven-3.6.3\locamavenrepository\org\yaml\snakeyaml\1.25\snakeyaml-1.25.jar;D:\apq\apache-maven-3.6.3\apache-maven-3.6.3\locamavenrepository\org\springframework\boot\spring-boot-starter-json\2.2.4.RELEASE\spring-boot-starter-json-2.2.4.RELEASE.jar;D:\apq\apache-maven-3.6.3\apache-maven-3.6.3\locamavenrepository\com\fasterxml\jackson\core\jackson-databind\2.10.2\jackson-databind-2.10.2.jar;D:\apq\apache-maven-3.6.3\apache-maven-3.6.3\locamavenrepository\com\fasterxml\jackson\core\jackson-annotations\2.10.2\jackson-annotations-2.10.2.jar;D:\apq\apache-maven-3.6.3\apache-maven-3.6.3\locamavenrepository\com\fasterxml\jackson\core\jackson-core\2.10.2\jackson-core-2.10.2.jar;D:\apq\apache-maven-3.6.3\apache-maven-3.6.3\locamavenrepository\com\fasterxml\jackson\datatype\jackson-datatype-jdk8\2.10.2\jackson-datatype-jdk8-2.10.2.jar;D:\apq\apache-maven-3.6.3\apache-maven-3.6.3\locamavenrepository\com\fasterxml\jackson\datatype\jackson-datatype-jsr310\2.10.2\jackson-datatype-jsr310-2.10.2.jar;D:\apq\apache-maven-3.6.3\apache-maven-3.6.3\locamavenrepository\com\fasterxml\jackson\module\jackson-module-parameter-names\2.10.2\jackson-module-parameter-names-2.10.2.jar;D:\apq\apache-maven-3.6.3\apache-maven-3.6.3\locamavenrepository\org\springframework\boot\spring-boot-starter-tomcat\2.2.4.RELEASE\spring-boot-starter-tomcat-2.2.4.RELEASE.jar;D:\apq\apache-maven-3.6.3\apache-maven-3.6.3\locamavenrepository\org\apache\tomcat\embed\tomcat-embed-core\9.0.30\tomcat-embed-core-9.0.30.jar;D:\apq\apache-maven-3.6.3\apache-maven-3.6.3\locamavenrepository\org\apache\tomcat\embed\tomcat-embed-el\9.0.30\tomcat-embed-el-9.0.30.jar;D:\apq\apache-maven-3.6.3\apache-maven-3.6.3\locamavenrepository\org\apache\tomcat\embed\tomcat-embed-websocket\9.0.30\tomcat-embed-websocket-9.0.30.jar;D:\apq\apache-maven-3.6.3\apache-maven-3.6.3\locamavenrepository\org\springframework\boot\spring-boot-starter-validation\2.2.4.RELEASE\spring-boot-starter-validation-2.2.4.RELEASE.jar;D:\apq\apache-maven-3.6.3\apache-maven-3.6.3\locamavenrepository\jakarta\validation\jakarta.validation-api\2.0.2\jakarta.validation-api-2.0.2.jar;D:\apq\apache-maven-3.6.3\apache-maven-3.6.3\locamavenrepository\org\hibernate\validator\hibernate-validator\6.0.18.Final\hibernate-validator-6.0.18.Final.jar;D:\apq\apache-maven-3.6.3\apache-maven-3.6.3\locamavenrepository\org\jboss\logging\jboss-logging\3.4.1.Final\jboss-logging-3.4.1.Final.jar;D:\apq\apache-maven-3.6.3\apache-maven-3.6.3\locamavenrepository\com\fasterxml\classmate\1.5.1\classmate-1.5.1.jar;D:\apq\apache-maven-3.6.3\apache-maven-3.6.3\locamavenrepository\org\springframework\spring-web\5.2.3.RELEASE\spring-web-5.2.3.RELEASE.jar;D:\apq\apache-maven-3.6.3\apache-maven-3.6.3\locamavenrepository\org\springframework\spring-beans\5.2.3.RELEASE\spring-beans-5.2.3.RELEASE.jar;D:\apq\apache-maven-3.6.3\apache-maven-3.6.3\locamavenrepository\org\springframework\spring-webmvc\5.2.3.RELEASE\spring-webmvc-5.2.3.RELEASE.jar;D:\apq\apache-maven-3.6.3\apache-maven-3.6.3\locamavenrepository\org\springframework\spring-aop\5.2.3.RELEASE\spring-aop-5.2.3.RELEASE.jar;D:\apq\apache-maven-3.6.3\apache-maven-3.6.3\locamavenrepository\org\springframework\spring-context\5.2.3.RELEASE\spring-context-5.2.3.RELEASE.jar;D:\apq\apache-maven-3.6.3\apache-maven-3.6.3\locamavenrepository\org\springframework\spring-expression\5.2.3.RELEASE\spring-expression-5.2.3.RELEASE.jar;D:\apq\apache-maven-3.6.3\apache-maven-3.6.3\locamavenrepository\org\apache\httpcomponents\httpclient\4.5.10\httpclient-4.5.10.jar;D:\apq\apache-maven-3.6.3\apache-maven-3.6.3\locamavenrepository\org\apache\httpcomponents\httpcore\4.4.13\httpcore-4.4.13.jar;D:\apq\apache-maven-3.6.3\apache-maven-3.6.3\locamavenrepository\commons-codec\commons-codec\1.13\commons-codec-1.13.jar;D:\apq\apache-maven-3.6.3\apache-maven-3.6.3\locamavenrepository\com\alibaba\fastjson\1.2.47\fastjson-1.2.47.jar;D:\apq\apache-maven-3.6.3\apache-maven-3.6.3\locamavenrepository\com\squareup\okhttp3\okhttp\4.3.1\okhttp-4.3.1.jar;D:\apq\apache-maven-3.6.3\apache-maven-3.6.3\locamavenrepository\com\squareup\okio\okio\2.4.1\okio-2.4.1.jar;D:\apq\apache-maven-3.6.3\apache-maven-3.6.3\locamavenrepository\org\jetbrains\kotlin\kotlin-stdlib-common\1.3.61\kotlin-stdlib-common-1.3.61.jar;D:\apq\apache-maven-3.6.3\apache-maven-3.6.3\locamavenrepository\org\jetbrains\kotlin\kotlin-stdlib\1.3.61\kotlin-stdlib-1.3.61.jar;D:\apq\apache-maven-3.6.3\apache-maven-3.6.3\locamavenrepository\org\jetbrains\annotations\13.0\annotations-13.0.jar;D:\apq\apache-maven-3.6.3\apache-maven-3.6.3\locamavenrepository\org\springframework\boot\spring-boot-starter-test\2.2.4.RELEASE\spring-boot-starter-test-2.2.4.RELEASE.jar;D:\apq\apache-maven-3.6.3\apache-maven-3.6.3\locamavenrepository\org\springframework\boot\spring-boot-test\2.2.4.RELEASE\spring-boot-test-2.2.4.RELEASE.jar;D:\apq\apache-maven-3.6.3\apache-maven-3.6.3\locamavenrepository\org\springframework\boot\spring-boot-test-autoconfigure\2.2.4.RELEASE\spring-boot-test-autoconfigure-2.2.4.RELEASE.jar;D:\apq\apache-maven-3.6.3\apache-maven-3.6.3\locamavenrepository\com\jayway\jsonpath\json-path\2.4.0\json-path-2.4.0.jar;D:\apq\apache-maven-3.6.3\apache-maven-3.6.3\locamavenrepository\net\minidev\json-smart\2.3\json-smart-2.3.jar;D:\apq\apache-maven-3.6.3\apache-maven-3.6.3\locamavenrepository\net\minidev\accessors-smart\1.2\accessors-smart-1.2.jar;D:\apq\apache-maven-3.6.3\apache-maven-3.6.3\locamavenrepository\org\ow2\asm\asm\5.0.4\asm-5.0.4.jar;D:\apq\apache-maven-3.6.3\apache-maven-3.6.3\locamavenrepository\org\slf4j\slf4j-api\1.7.30\slf4j-api-1.7.30.jar;D:\apq\apache-maven-3.6.3\apache-maven-3.6.3\locamavenrepository\jakarta\xml\bind\jakarta.xml.bind-api\2.3.2\jakarta.xml.bind-api-2.3.2.jar;D:\apq\apache-maven-3.6.3\apache-maven-3.6.3\locamavenrepository\jakarta\activation\jakarta.activation-api\1.2.1\jakarta.activation-api-1.2.1.jar;D:\apq\apache-maven-3.6.3\apache-maven-3.6.3\locamavenrepository\org\junit\jupiter\junit-jupiter\5.5.2\junit-jupiter-5.5.2.jar;D:\apq\apache-maven-3.6.3\apache-maven-3.6.3\locamavenrepository\org\junit\jupiter\junit-jupiter-api\5.5.2\junit-jupiter-api-5.5.2.jar;D:\apq\apache-maven-3.6.3\apache-maven-3.6.3\locamavenrepository\org\apiguardian\apiguardian-api\1.1.0\apiguardian-api-1.1.0.jar;D:\apq\apache-maven-3.6.3\apache-maven-3.6.3\locamavenrepository\org\opentest4j\opentest4j\1.2.0\opentest4j-1.2.0.jar;D:\apq\apache-maven-3.6.3\apache-maven-3.6.3\locamavenrepository\org\junit\platform\junit-platform-commons\1.5.2\junit-platform-commons-1.5.2.jar;D:\apq\apache-maven-3.6.3\apache-maven-3.6.3\locamavenrepository\org\junit\jupiter\junit-jupiter-params\5.5.2\junit-jupiter-params-5.5.2.jar;D:\apq\apache-maven-3.6.3\apache-maven-3.6.3\locamavenrepository\org\junit\jupiter\junit-jupiter-engine\5.5.2\junit-jupiter-engine-5.5.2.jar;D:\apq\apache-maven-3.6.3\apache-maven-3.6.3\locamavenrepository\org\junit\platform\junit-platform-engine\1.5.2\junit-platform-engine-1.5.2.jar;D:\apq\apache-maven-3.6.3\apache-maven-3.6.3\locamavenrepository\org\mockito\mockito-junit-jupiter\3.1.0\mockito-junit-jupiter-3.1.0.jar;D:\apq\apache-maven-3.6.3\apache-maven-3.6.3\locamavenrepository\org\assertj\assertj-core\3.13.2\assertj-core-3.13.2.jar;D:\apq\apache-maven-3.6.3\apache-maven-3.6.3\locamavenrepository\org\hamcrest\hamcrest\2.1\hamcrest-2.1.jar;D:\apq\apache-maven-3.6.3\apache-maven-3.6.3\locamavenrepository\org\mockito\mockito-core\3.1.0\mockito-core-3.1.0.jar;D:\apq\apache-maven-3.6.3\apache-maven-3.6.3\locamavenrepository\net\bytebuddy\byte-buddy\1.10.6\byte-buddy-1.10.6.jar;D:\apq\apache-maven-3.6.3\apache-maven-3.6.3\locamavenrepository\net\bytebuddy\byte-buddy-agent\1.10.6\byte-buddy-agent-1.10.6.jar;D:\apq\apache-maven-3.6.3\apache-maven-3.6.3\locamavenrepository\org\objenesis\objenesis\2.6\objenesis-2.6.jar;D:\apq\apache-maven-3.6.3\apache-maven-3.6.3\locamavenrepository\org\skyscreamer\jsonassert\1.5.0\jsonassert-1.5.0.jar;D:\apq\apache-maven-3.6.3\apache-maven-3.6.3\locamavenrepository\com\vaadin\external\google\android-json\0.0.20131108.vaadin1\android-json-0.0.20131108.vaadin1.jar;D:\apq\apache-maven-3.6.3\apache-maven-3.6.3\locamavenrepository\org\springframework\spring-core\5.2.3.RELEASE\spring-core-5.2.3.RELEASE.jar;D:\apq\apache-maven-3.6.3\apache-maven-3.6.3\locamavenrepository\org\springframework\spring-jcl\5.2.3.RELEASE\spring-jcl-5.2.3.RELEASE.jar;D:\apq\apache-maven-3.6.3\apache-maven-3.6.3\locamavenrepository\org\springframework\spring-test\5.2.3.RELEASE\spring-test-5.2.3.RELEASE.jar;D:\apq\apache-maven-3.6.3\apache-maven-3.6.3\locamavenrepository\org\xmlunit\xmlunit-core\2.6.3\xmlunit-core-2.6.3.jar;D:\apq\apache-maven-3.6.3\apache-maven-3.6.3\locamavenrepository\org\springframework\boot\spring-boot-autoconfigure\2.2.4.RELEASE\spring-boot-autoconfigure-2.2.4.RELEASE.jar;D:\apq\apache-maven-3.6.3\apache-maven-3.6.3\locamavenrepository\org\springframework\boot\spring-boot\2.2.4.RELEASE\spring-boot-2.2.4.RELEASE.jar;"/>
    <property name="java.vm.vendor" value="Oracle Corporation"/>
    <property name="sun.arch.data.model" value="64"/>
    <property name="user.variant" value=""/>
    <property name="java.vendor.url" value="http://java.oracle.com/"/>
    <property name="user.timezone" value="Asia/Shanghai"/>
    <property name="java.vm.specification.version" value="1.8"/>
    <property name="os.name" value="Windows 10"/>
    <property name="user.country" value="CN"/>
    <property name="sun.java.launcher" value="SUN_STANDARD"/>
    <property name="sun.boot.library.path" value="C:\Program Files\Java\jdk1.8.0_91\jre\bin"/>
    <property name="sun.java.command" value="C:\Users\59693\AppData\Local\Temp\surefire2302418397947624215\surefirebooter2464735250769919973.jar C:\Users\59693\AppData\Local\Temp\surefire2302418397947624215 2020-04-10T09-38-13_863-jvmRun1 surefire868955971377523827tmp surefire_12742698429973522738tmp"/>
    <property name="surefire.test.class.path" value="D:\Y2\Y2\clinic\login\target\test-classes;D:\Y2\Y2\clinic\login\target\classes;D:\Y2\Y2\clinic\pojo\target\pojo-1.0-SNAPSHOT.jar;D:\apq\apache-maven-3.6.3\apache-maven-3.6.3\locamavenrepository\org\projectlombok\lombok\1.18.10\lombok-1.18.10.jar;D:\apq\apache-maven-3.6.3\apache-maven-3.6.3\locamavenrepository\org\springframework\boot\spring-boot-starter-web\2.2.4.RELEASE\spring-boot-starter-web-2.2.4.RELEASE.jar;D:\apq\apache-maven-3.6.3\apache-maven-3.6.3\locamavenrepository\org\springframework\boot\spring-boot-starter\2.2.4.RELEASE\spring-boot-starter-2.2.4.RELEASE.jar;D:\apq\apache-maven-3.6.3\apache-maven-3.6.3\locamavenrepository\org\springframework\boot\spring-boot-starter-logging\2.2.4.RELEASE\spring-boot-starter-logging-2.2.4.RELEASE.jar;D:\apq\apache-maven-3.6.3\apache-maven-3.6.3\locamavenrepository\ch\qos\logback\logback-classic\1.2.3\logback-classic-1.2.3.jar;D:\apq\apache-maven-3.6.3\apache-maven-3.6.3\locamavenrepository\ch\qos\logback\logback-core\1.2.3\logback-core-1.2.3.jar;D:\apq\apache-maven-3.6.3\apache-maven-3.6.3\locamavenrepository\org\apache\logging\log4j\log4j-to-slf4j\2.12.1\log4j-to-slf4j-2.12.1.jar;D:\apq\apache-maven-3.6.3\apache-maven-3.6.3\locamavenrepository\org\apache\logging\log4j\log4j-api\2.12.1\log4j-api-2.12.1.jar;D:\apq\apache-maven-3.6.3\apache-maven-3.6.3\locamavenrepository\org\slf4j\jul-to-slf4j\1.7.30\jul-to-slf4j-1.7.30.jar;D:\apq\apache-maven-3.6.3\apache-maven-3.6.3\locamavenrepository\jakarta\annotation\jakarta.annotation-api\1.3.5\jakarta.annotation-api-1.3.5.jar;D:\apq\apache-maven-3.6.3\apache-maven-3.6.3\locamavenrepository\org\yaml\snakeyaml\1.25\snakeyaml-1.25.jar;D:\apq\apache-maven-3.6.3\apache-maven-3.6.3\locamavenrepository\org\springframework\boot\spring-boot-starter-json\2.2.4.RELEASE\spring-boot-starter-json-2.2.4.RELEASE.jar;D:\apq\apache-maven-3.6.3\apache-maven-3.6.3\locamavenrepository\com\fasterxml\jackson\core\jackson-databind\2.10.2\jackson-databind-2.10.2.jar;D:\apq\apache-maven-3.6.3\apache-maven-3.6.3\locamavenrepository\com\fasterxml\jackson\core\jackson-annotations\2.10.2\jackson-annotations-2.10.2.jar;D:\apq\apache-maven-3.6.3\apache-maven-3.6.3\locamavenrepository\com\fasterxml\jackson\core\jackson-core\2.10.2\jackson-core-2.10.2.jar;D:\apq\apache-maven-3.6.3\apache-maven-3.6.3\locamavenrepository\com\fasterxml\jackson\datatype\jackson-datatype-jdk8\2.10.2\jackson-datatype-jdk8-2.10.2.jar;D:\apq\apache-maven-3.6.3\apache-maven-3.6.3\locamavenrepository\com\fasterxml\jackson\datatype\jackson-datatype-jsr310\2.10.2\jackson-datatype-jsr310-2.10.2.jar;D:\apq\apache-maven-3.6.3\apache-maven-3.6.3\locamavenrepository\com\fasterxml\jackson\module\jackson-module-parameter-names\2.10.2\jackson-module-parameter-names-2.10.2.jar;D:\apq\apache-maven-3.6.3\apache-maven-3.6.3\locamavenrepository\org\springframework\boot\spring-boot-starter-tomcat\2.2.4.RELEASE\spring-boot-starter-tomcat-2.2.4.RELEASE.jar;D:\apq\apache-maven-3.6.3\apache-maven-3.6.3\locamavenrepository\org\apache\tomcat\embed\tomcat-embed-core\9.0.30\tomcat-embed-core-9.0.30.jar;D:\apq\apache-maven-3.6.3\apache-maven-3.6.3\locamavenrepository\org\apache\tomcat\embed\tomcat-embed-el\9.0.30\tomcat-embed-el-9.0.30.jar;D:\apq\apache-maven-3.6.3\apache-maven-3.6.3\locamavenrepository\org\apache\tomcat\embed\tomcat-embed-websocket\9.0.30\tomcat-embed-websocket-9.0.30.jar;D:\apq\apache-maven-3.6.3\apache-maven-3.6.3\locamavenrepository\org\springframework\boot\spring-boot-starter-validation\2.2.4.RELEASE\spring-boot-starter-validation-2.2.4.RELEASE.jar;D:\apq\apache-maven-3.6.3\apache-maven-3.6.3\locamavenrepository\jakarta\validation\jakarta.validation-api\2.0.2\jakarta.validation-api-2.0.2.jar;D:\apq\apache-maven-3.6.3\apache-maven-3.6.3\locamavenrepository\org\hibernate\validator\hibernate-validator\6.0.18.Final\hibernate-validator-6.0.18.Final.jar;D:\apq\apache-maven-3.6.3\apache-maven-3.6.3\locamavenrepository\org\jboss\logging\jboss-logging\3.4.1.Final\jboss-logging-3.4.1.Final.jar;D:\apq\apache-maven-3.6.3\apache-maven-3.6.3\locamavenrepository\com\fasterxml\classmate\1.5.1\classmate-1.5.1.jar;D:\apq\apache-maven-3.6.3\apache-maven-3.6.3\locamavenrepository\org\springframework\spring-web\5.2.3.RELEASE\spring-web-5.2.3.RELEASE.jar;D:\apq\apache-maven-3.6.3\apache-maven-3.6.3\locamavenrepository\org\springframework\spring-beans\5.2.3.RELEASE\spring-beans-5.2.3.RELEASE.jar;D:\apq\apache-maven-3.6.3\apache-maven-3.6.3\locamavenrepository\org\springframework\spring-webmvc\5.2.3.RELEASE\spring-webmvc-5.2.3.RELEASE.jar;D:\apq\apache-maven-3.6.3\apache-maven-3.6.3\locamavenrepository\org\springframework\spring-aop\5.2.3.RELEASE\spring-aop-5.2.3.RELEASE.jar;D:\apq\apache-maven-3.6.3\apache-maven-3.6.3\locamavenrepository\org\springframework\spring-context\5.2.3.RELEASE\spring-context-5.2.3.RELEASE.jar;D:\apq\apache-maven-3.6.3\apache-maven-3.6.3\locamavenrepository\org\springframework\spring-expression\5.2.3.RELEASE\spring-expression-5.2.3.RELEASE.jar;D:\apq\apache-maven-3.6.3\apache-maven-3.6.3\locamavenrepository\org\apache\httpcomponents\httpclient\4.5.10\httpclient-4.5.10.jar;D:\apq\apache-maven-3.6.3\apache-maven-3.6.3\locamavenrepository\org\apache\httpcomponents\httpcore\4.4.13\httpcore-4.4.13.jar;D:\apq\apache-maven-3.6.3\apache-maven-3.6.3\locamavenrepository\commons-codec\commons-codec\1.13\commons-codec-1.13.jar;D:\apq\apache-maven-3.6.3\apache-maven-3.6.3\locamavenrepository\com\alibaba\fastjson\1.2.47\fastjson-1.2.47.jar;D:\apq\apache-maven-3.6.3\apache-maven-3.6.3\locamavenrepository\com\squareup\okhttp3\okhttp\4.3.1\okhttp-4.3.1.jar;D:\apq\apache-maven-3.6.3\apache-maven-3.6.3\locamavenrepository\com\squareup\okio\okio\2.4.1\okio-2.4.1.jar;D:\apq\apache-maven-3.6.3\apache-maven-3.6.3\locamavenrepository\org\jetbrains\kotlin\kotlin-stdlib-common\1.3.61\kotlin-stdlib-common-1.3.61.jar;D:\apq\apache-maven-3.6.3\apache-maven-3.6.3\locamavenrepository\org\jetbrains\kotlin\kotlin-stdlib\1.3.61\kotlin-stdlib-1.3.61.jar;D:\apq\apache-maven-3.6.3\apache-maven-3.6.3\locamavenrepository\org\jetbrains\annotations\13.0\annotations-13.0.jar;D:\apq\apache-maven-3.6.3\apache-maven-3.6.3\locamavenrepository\org\springframework\boot\spring-boot-starter-test\2.2.4.RELEASE\spring-boot-starter-test-2.2.4.RELEASE.jar;D:\apq\apache-maven-3.6.3\apache-maven-3.6.3\locamavenrepository\org\springframework\boot\spring-boot-test\2.2.4.RELEASE\spring-boot-test-2.2.4.RELEASE.jar;D:\apq\apache-maven-3.6.3\apache-maven-3.6.3\locamavenrepository\org\springframework\boot\spring-boot-test-autoconfigure\2.2.4.RELEASE\spring-boot-test-autoconfigure-2.2.4.RELEASE.jar;D:\apq\apache-maven-3.6.3\apache-maven-3.6.3\locamavenrepository\com\jayway\jsonpath\json-path\2.4.0\json-path-2.4.0.jar;D:\apq\apache-maven-3.6.3\apache-maven-3.6.3\locamavenrepository\net\minidev\json-smart\2.3\json-smart-2.3.jar;D:\apq\apache-maven-3.6.3\apache-maven-3.6.3\locamavenrepository\net\minidev\accessors-smart\1.2\accessors-smart-1.2.jar;D:\apq\apache-maven-3.6.3\apache-maven-3.6.3\locamavenrepository\org\ow2\asm\asm\5.0.4\asm-5.0.4.jar;D:\apq\apache-maven-3.6.3\apache-maven-3.6.3\locamavenrepository\org\slf4j\slf4j-api\1.7.30\slf4j-api-1.7.30.jar;D:\apq\apache-maven-3.6.3\apache-maven-3.6.3\locamavenrepository\jakarta\xml\bind\jakarta.xml.bind-api\2.3.2\jakarta.xml.bind-api-2.3.2.jar;D:\apq\apache-maven-3.6.3\apache-maven-3.6.3\locamavenrepository\jakarta\activation\jakarta.activation-api\1.2.1\jakarta.activation-api-1.2.1.jar;D:\apq\apache-maven-3.6.3\apache-maven-3.6.3\locamavenrepository\org\junit\jupiter\junit-jupiter\5.5.2\junit-jupiter-5.5.2.jar;D:\apq\apache-maven-3.6.3\apache-maven-3.6.3\locamavenrepository\org\junit\jupiter\junit-jupiter-api\5.5.2\junit-jupiter-api-5.5.2.jar;D:\apq\apache-maven-3.6.3\apache-maven-3.6.3\locamavenrepository\org\apiguardian\apiguardian-api\1.1.0\apiguardian-api-1.1.0.jar;D:\apq\apache-maven-3.6.3\apache-maven-3.6.3\locamavenrepository\org\opentest4j\opentest4j\1.2.0\opentest4j-1.2.0.jar;D:\apq\apache-maven-3.6.3\apache-maven-3.6.3\locamavenrepository\org\junit\platform\junit-platform-commons\1.5.2\junit-platform-commons-1.5.2.jar;D:\apq\apache-maven-3.6.3\apache-maven-3.6.3\locamavenrepository\org\junit\jupiter\junit-jupiter-params\5.5.2\junit-jupiter-params-5.5.2.jar;D:\apq\apache-maven-3.6.3\apache-maven-3.6.3\locamavenrepository\org\junit\jupiter\junit-jupiter-engine\5.5.2\junit-jupiter-engine-5.5.2.jar;D:\apq\apache-maven-3.6.3\apache-maven-3.6.3\locamavenrepository\org\junit\platform\junit-platform-engine\1.5.2\junit-platform-engine-1.5.2.jar;D:\apq\apache-maven-3.6.3\apache-maven-3.6.3\locamavenrepository\org\mockito\mockito-junit-jupiter\3.1.0\mockito-junit-jupiter-3.1.0.jar;D:\apq\apache-maven-3.6.3\apache-maven-3.6.3\locamavenrepository\org\assertj\assertj-core\3.13.2\assertj-core-3.13.2.jar;D:\apq\apache-maven-3.6.3\apache-maven-3.6.3\locamavenrepository\org\hamcrest\hamcrest\2.1\hamcrest-2.1.jar;D:\apq\apache-maven-3.6.3\apache-maven-3.6.3\locamavenrepository\org\mockito\mockito-core\3.1.0\mockito-core-3.1.0.jar;D:\apq\apache-maven-3.6.3\apache-maven-3.6.3\locamavenrepository\net\bytebuddy\byte-buddy\1.10.6\byte-buddy-1.10.6.jar;D:\apq\apache-maven-3.6.3\apache-maven-3.6.3\locamavenrepository\net\bytebuddy\byte-buddy-agent\1.10.6\byte-buddy-agent-1.10.6.jar;D:\apq\apache-maven-3.6.3\apache-maven-3.6.3\locamavenrepository\org\objenesis\objenesis\2.6\objenesis-2.6.jar;D:\apq\apache-maven-3.6.3\apache-maven-3.6.3\locamavenrepository\org\skyscreamer\jsonassert\1.5.0\jsonassert-1.5.0.jar;D:\apq\apache-maven-3.6.3\apache-maven-3.6.3\locamavenrepository\com\vaadin\external\google\android-json\0.0.20131108.vaadin1\android-json-0.0.20131108.vaadin1.jar;D:\apq\apache-maven-3.6.3\apache-maven-3.6.3\locamavenrepository\org\springframework\spring-core\5.2.3.RELEASE\spring-core-5.2.3.RELEASE.jar;D:\apq\apache-maven-3.6.3\apache-maven-3.6.3\locamavenrepository\org\springframework\spring-jcl\5.2.3.RELEASE\spring-jcl-5.2.3.RELEASE.jar;D:\apq\apache-maven-3.6.3\apache-maven-3.6.3\locamavenrepository\org\springframework\spring-test\5.2.3.RELEASE\spring-test-5.2.3.RELEASE.jar;D:\apq\apache-maven-3.6.3\apache-maven-3.6.3\locamavenrepository\org\xmlunit\xmlunit-core\2.6.3\xmlunit-core-2.6.3.jar;D:\apq\apache-maven-3.6.3\apache-maven-3.6.3\locamavenrepository\org\springframework\boot\spring-boot-autoconfigure\2.2.4.RELEASE\spring-boot-autoconfigure-2.2.4.RELEASE.jar;D:\apq\apache-maven-3.6.3\apache-maven-3.6.3\locamavenrepository\org\springframework\boot\spring-boot\2.2.4.RELEASE\spring-boot-2.2.4.RELEASE.jar;"/>
    <property name="sun.cpu.endian" value="little"/>
    <property name="user.home" value="C:\Users\59693"/>
    <property name="user.language" value="zh"/>
    <property name="java.specification.vendor" value="Oracle Corporation"/>
    <property name="java.home" value="C:\Program Files\Java\jdk1.8.0_91\jre"/>
    <property name="basedir" value="D:\Y2\Y2\clinic\login"/>
    <property name="file.separator" value="\"/>
    <property name="line.separator" value="&#10;"/>
    <property name="java.vm.specification.vendor" value="Oracle Corporation"/>
    <property name="java.specification.name" value="Java Platform API Specification"/>
    <property name="java.awt.graphicsenv" value="sun.awt.Win32GraphicsEnvironment"/>
    <property name="surefire.real.class.path" value="C:\Users\59693\AppData\Local\Temp\surefire2302418397947624215\surefirebooter2464735250769919973.jar"/>
    <property name="sun.boot.class.path" value="C:\Program Files\Java\jdk1.8.0_91\jre\lib\resources.jar;C:\Program Files\Java\jdk1.8.0_91\jre\lib\rt.jar;C:\Program Files\Java\jdk1.8.0_91\jre\lib\sunrsasign.jar;C:\Program Files\Java\jdk1.8.0_91\jre\lib\jsse.jar;C:\Program Files\Java\jdk1.8.0_91\jre\lib\jce.jar;C:\Program Files\Java\jdk1.8.0_91\jre\lib\charsets.jar;C:\Program Files\Java\jdk1.8.0_91\jre\lib\jfr.jar;C:\Program Files\Java\jdk1.8.0_91\jre\classes"/>
    <property name="user.script" value=""/>
    <property name="sun.management.compiler" value="HotSpot 64-Bit Tiered Compilers"/>
    <property name="java.runtime.version" value="1.8.0_91-b15"/>
    <property name="user.name" value="59693"/>
    <property name="path.separator" value=";"/>
    <property name="os.version" value="10.0"/>
    <property name="java.endorsed.dirs" value="C:\Program Files\Java\jdk1.8.0_91\jre\lib\endorsed"/>
    <property name="java.runtime.name" value="Java(TM) SE Runtime Environment"/>
    <property name="file.encoding" value="GBK"/>
    <property name="java.vm.name" value="Java HotSpot(TM) 64-Bit Server VM"/>
    <property name="localRepository" value="D:\apq\apache-maven-3.6.3\apache-maven-3.6.3\locamavenrepository"/>
    <property name="java.vendor.url.bug" value="http://bugreport.sun.com/bugreport/"/>
    <property name="java.io.tmpdir" value="C:\Users\59693\AppData\Local\Temp\"/>
    <property name="java.version" value="1.8.0_91"/>
    <property name="user.dir" value="D:\Y2\Y2\clinic\login"/>
    <property name="os.arch" value="amd64"/>
    <property name="java.vm.specification.name" value="Java Virtual Machine Specification"/>
    <property name="java.awt.printerjob" value="sun.awt.windows.WPrinterJob"/>
    <property name="sun.os.patch.level" value=""/>
    <property name="idea.version2019.2" value="true"/>
    <property name="java.library.path" value="C:\Program Files\Java\jdk1.8.0_91\jre\bin;C:\Windows\Sun\Java\bin;C:\Windows\system32;C:\Windows;D:\idea\IntelliJ IDEA 2019.2\jbr\\bin;D:\idea\IntelliJ IDEA 2019.2\jbr\\bin\server;C:\ProgramData\Oracle\Java\javapath;C:\Windows\system32;C:\Windows;C:\Windows\System32\Wbem;C:\Windows\System32\WindowsPowerShell\v1.0\;C:\Windows\System32\OpenSSH\;C:\Program Files (x86)\NVIDIA Corporation\PhysX\Common;C:\Program Files\NVIDIA Corporation\NVIDIA NvDLISR;C:\Program Files\Java\jdk1.8.0_91;D:\Node.js\;D:\MySQL\bin;D:\Git\Git\cmd;D:\Node.js\node_global;C:\Users\59693\AppData\Local\Microsoft\WindowsApps;;D:\vscode\Microsoft VS Code\bin;D:\idea\IntelliJ IDEA 2019.2\bin;;C:\Users\59693\AppData\Roaming\npm;."/>
    <property name="java.vm.info" value="mixed mode"/>
    <property name="java.vendor" value="Oracle Corporation"/>
    <property name="java.vm.version" value="25.91-b15"/>
    <property name="java.ext.dirs" value="C:\Program Files\Java\jdk1.8.0_91\jre\lib\ext;C:\Windows\Sun\Java\lib\ext"/>
    <property name="sun.io.unicode.encoding" value="UnicodeLittle"/>
    <property name="maven.repo.local" value="D:\apq\apache-maven-3.6.3\apache-maven-3.6.3\locamavenrepository"/>
    <property name="java.class.version" value="52.0"/>
  </properties>
  <testcase name="contextLoads" classname="org.clinic.login.LoginApplicationTests" time="0.226"/>
</testsuite>